2025-06-14T06:06:10  Fetching changes.
2025-06-14T06:06:10    Starting  LocalZipHandler
2025-06-14T06:06:10    Cleaning up temp folders from previous zip deployments and extracting pushed zip file /tmp/zipdeploy/50cd008a-bebc-43ca-8e82-7c2f25ded26e.zip (0.00 MB) to /tmp/zipdeploy/extracted
2025-06-14T06:06:14  Updating submodules.
2025-06-14T06:06:14  Preparing deployment for commit id '3bbb018e-e'.
2025-06-14T06:06:14  PreDeployment: context.CleanOutputPath False
2025-06-14T06:06:14  PreDeployment: context.OutputPath /home/site/wwwroot
2025-06-14T06:06:14  Repository path is /tmp/zipdeploy/extracted
2025-06-14T06:06:15  Running oryx build...
2025-06-14T06:06:15    Command: oryx build /tmp/zipdeploy/extracted -o /home/site/wwwroot --platform python --platform-version 3.11 -p virtualenv_name=antenv --log-file /tmp/build-debug.log  -i /tmp/8ddab0991df8a0c --compress-destination-dir | tee /tmp/oryx-build.log
2025-06-14T06:06:19    Operation performed by Microsoft Oryx, https://github.com/Microsoft/Oryx
2025-06-14T06:06:19    You can report issues at https://github.com/Microsoft/Oryx/issues
2025-06-14T06:06:19    
2025-06-14T06:06:19    Oryx Version: 0.2.20250522.1+cada9e85564f034d18420f8b5b38b3cf2259f321, Commit: cada9e85564f034d18420f8b5b38b3cf2259f321, ReleaseTagName: 20250522.1
2025-06-14T06:06:19    
2025-06-14T06:06:19    Build Operation ID: 47289a24a8b3adfe
2025-06-14T06:06:19    Repository Commit : 3bbb018e-e362-42b3-9a9c-26822e6fcfec
2025-06-14T06:06:19    OS Type           : bullseye
2025-06-14T06:06:19    Image Type        : githubactions
2025-06-14T06:06:19    
2025-06-14T06:06:19    Primary SDK Storage URL: https://oryxsdks-cdn.azureedge.net
2025-06-14T06:06:19    Backup SDK Storage URL: https://oryx-cdn.microsoft.io
2025-06-14T06:06:19    Detecting platforms...
2025-06-14T06:06:19    External SDK provider is enabled.
2025-06-14T06:06:20    Detected following platforms:
2025-06-14T06:06:20      python: 3.11.12
2025-06-14T06:06:29    Version '3.11.12' of platform 'python' is not installed. Generating script to install it...
2025-06-14T06:06:29    
2025-06-14T06:06:30    Using intermediate directory '/tmp/8ddab0991df8a0c'.
2025-06-14T06:06:30    
2025-06-14T06:06:30    Copying files to the intermediate directory...
2025-06-14T06:06:30    Done in 0 sec(s).
2025-06-14T06:06:30    
2025-06-14T06:06:30    Source directory     : /tmp/8ddab0991df8a0c
2025-06-14T06:06:30    Destination directory: /home/site/wwwroot
2025-06-14T06:06:30    
2025-06-14T06:06:30    
2025-06-14T06:06:30    Downloading and extracting 'python' version '3.11.12' to '/tmp/oryx/platforms/python/3.11.12'...
2025-06-14T06:06:30    Detected image debian flavor: bullseye.
2025-06-14T06:06:30    Skipping download of python version 3.11.12 as it is available in external sdk provider cache...
2025-06-14T06:06:30    Extracting contents...
2025-06-14T06:06:46    Successfully extracted python version 3.11.12 from external sdk provider cache...
2025-06-14T06:06:46    Done in 16 sec(s).
2025-06-14T06:06:46    
2025-06-14T06:06:46    image detector file exists, platform is python..
2025-06-14T06:06:46    OS detector file exists, OS is bullseye..
2025-06-14T06:06:46    Python Version: /tmp/oryx/platforms/python/3.11.12/bin/python3.11
2025-06-14T06:06:46    Creating directory for command manifest file if it does not exist
2025-06-14T06:06:46    Removing existing manifest file
2025-06-14T06:06:46    Python Virtual Environment: antenv
2025-06-14T06:06:46    Creating virtual environment...
2025-06-14T06:07:06    Activating virtual environment...
2025-06-14T06:07:06    Running pip install...
2025-06-14T06:07:20    [06:07:09+0000] Collecting flask==2.3.3 (from -r requirements.txt (line 1))
2025-06-14T06:07:20    [06:07:10+0000]   Downloading flask-2.3.3-py3-none-any.whl.metadata (3.6 kB)
2025-06-14T06:07:20    [06:07:10+0000] Collecting gunicorn==21.2.0 (from -r requirements.txt (line 2))
2025-06-14T06:07:20    [06:07:10+0000]   Downloading gunicorn-21.2.0-py3-none-any.whl.metadata (4.1 kB)
2025-06-14T06:07:20    [06:07:10+0000] Collecting Werkzeug>=2.3.7 (from flask==2.3.3->-r requirements.txt (line 1))
2025-06-14T06:07:20    [06:07:10+0000]   Downloading werkzeug-3.1.3-py3-none-any.whl.metadata (3.7 kB)
2025-06-14T06:07:20    [06:07:10+0000] Collecting Jinja2>=3.1.2 (from flask==2.3.3->-r requirements.txt (line 1))
2025-06-14T06:07:20    [06:07:10+0000]   Downloading jinja2-3.1.6-py3-none-any.whl.metadata (2.9 kB)
2025-06-14T06:07:20    [06:07:10+0000] Collecting itsdangerous>=2.1.2 (from flask==2.3.3->-r requirements.txt (line 1))
2025-06-14T06:07:20    [06:07:10+0000]   Downloading itsdangerous-2.2.0-py3-none-any.whl.metadata (1.9 kB)
2025-06-14T06:07:20    [06:07:11+0000] Collecting click>=8.1.3 (from flask==2.3.3->-r requirements.txt (line 1))
2025-06-14T06:07:20    [06:07:11+0000]   Downloading click-8.2.1-py3-none-any.whl.metadata (2.5 kB)
2025-06-14T06:07:20    [06:07:11+0000] Collecting blinker>=1.6.2 (from flask==2.3.3->-r requirements.txt (line 1))
2025-06-14T06:07:20    [06:07:11+0000]   Downloading blinker-1.9.0-py3-none-any.whl.metadata (1.6 kB)
2025-06-14T06:07:20    [06:07:11+0000] Collecting packaging (from gunicorn==21.2.0->-r requirements.txt (line 2))
2025-06-14T06:07:20    [06:07:11+0000]   Downloading packaging-25.0-py3-none-any.whl.metadata (3.3 kB)
2025-06-14T06:07:20    [06:07:12+0000] Collecting MarkupSafe>=2.0 (from Jinja2>=3.1.2->flask==2.3.3->-r requirements.txt (line 1))
2025-06-14T06:07:21    [06:07:12+0000]   Downloading MarkupSafe-3.0.2-cp311-cp311-manylinux_2_17_x86_64.manylinux2014_x86_64.whl.metadata (4.0 kB)
2025-06-14T06:07:21    [06:07:12+0000] Downloading flask-2.3.3-py3-none-any.whl (96 kB)
2025-06-14T06:07:21    [06:07:12+0000]    â”â”â”â”â”â”â”â”â”â”â”â”â”â”â”â”â”â”â”â”â”â”â”â”â”â”â”â”â”â”â”â”â”â”â”â”â”â”â”â” 96.1/96.1 kB 1.8 MB/s eta 0:00:00
2025-06-14T06:07:21    [06:07:12+0000] Downloading gunicorn-21.2.0-py3-none-any.whl (80 kB)
2025-06-14T06:07:21    [06:07:12+0000]    â”â”â”â”â”â”â”â”â”â”â”â”â”â”â”â”â”â”â”â”â”â”â”â”â”â”â”â”â”â”â”â”â”â”â”â”â”â”â”â” 80.2/80.2 kB 1.1 MB/s eta 0:00:00
2025-06-14T06:07:21    [06:07:12+0000] Downloading blinker-1.9.0-py3-none-any.whl (8.5 kB)
2025-06-14T06:07:21    [06:07:12+0000] Downloading click-8.2.1-py3-none-any.whl (102 kB)
2025-06-14T06:07:21    [06:07:12+0000]    â”â”â”â”â”â”â”â”â”â”â”â”â”â”â”â”â”â”â”â”â”â”â”â”â”â”â”â”â”â”â”â”â”â”â”â”â”â”â” 102.2/102.2 kB 794.1 kB/s eta 0:00:00
2025-06-14T06:07:21    [06:07:12+0000] Downloading itsdangerous-2.2.0-py3-none-any.whl (16 kB)
2025-06-14T06:07:21    [06:07:12+0000] Downloading jinja2-3.1.6-py3-none-any.whl (134 kB)
2025-06-14T06:07:21    [06:07:13+0000]    â”â”â”â”â”â”â”â”â”â”â”â”â”â”â”â”â”â”â”â”â”â”â”â”â”â”â”â”â”â”â”â”â”â”â”â”â”â”â” 134.9/134.9 kB 814.5 kB/s eta 0:00:00
2025-06-14T06:07:21    [06:07:13+0000] Downloading werkzeug-3.1.3-py3-none-any.whl (224 kB)
2025-06-14T06:07:21    [06:07:13+0000]    â”â”â”â”â”â”â”â”â”â”â”â”â”â”â”â”â”â”â”â”â”â”â”â”â”â”â”â”â”â”â”â”â”â”â”â”â”â”â”â” 224.5/224.5 kB 4.4 MB/s eta 0:00:00
2025-06-14T06:07:21    [06:07:13+0000] Downloading packaging-25.0-py3-none-any.whl (66 kB)
2025-06-14T06:07:21    [06:07:13+0000]    â”â”â”â”â”â”â”â”â”â”â”â”â”â”â”â”â”â”â”â”â”â”â”â”â”â”â”â”â”â”â”â”â”â”â”â”â”â”â”â” 66.5/66.5 kB 1.2 MB/s eta 0:00:00
2025-06-14T06:07:22    [06:07:13+0000] Downloading MarkupSafe-3.0.2-cp311-cp311-manylinux_2_17_x86_64.manylinux2014_x86_64.whl (23 kB)
2025-06-14T06:07:22    [06:07:13+0000] Installing collected packages: packaging, MarkupSafe, itsdangerous, click, blinker, Werkzeug, Jinja2, gunicorn, flask
2025-06-14T06:07:22    [06:07:18+0000] Successfully installed Jinja2-3.1.6 MarkupSafe-3.0.2 Werkzeug-3.1.3 blinker-1.9.0 click-8.2.1 flask-2.3.3 gunicorn-21.2.0 itsdangerous-2.2.0 packaging-25.0
2025-06-14T06:07:22    
2025-06-14T06:07:22    [notice] A new release of pip is available: 24.0 -> 25.1.1
2025-06-14T06:07:22    [notice] To update, run: pip install --upgrade pip
2025-06-14T06:07:22    Not a vso image, so not writing build commands
2025-06-14T06:07:22    
2025-06-14T06:07:22    Executing post-build command...
2025-06-14T06:07:22    ðŸš€ Starting Simple App for Advanced AI Agent...
2025-06-14T06:07:22    ðŸ“¦ Installing Python dependencies...
2025-06-14T06:07:25    ERROR: Could not open requirements file: [Errno 2] No such file or directory: 'requirements-simple.txt'
2025-06-14T06:07:26    
2025-06-14T06:07:26    [notice] A new release of pip is available: 24.0 -> 25.1.1
2025-06-14T06:07:26    [notice] To update, run: pip install --upgrade pip
2025-06-14T06:07:27    ðŸŽ¯ Starting Flask application...
2025-06-14T06:07:29    [2025-06-14 06:07:29 +0000] [2057] [INFO] Starting gunicorn 21.2.0
2025-06-14T06:07:29    [2025-06-14 06:07:29 +0000] [2057] [ERROR] Connection in use: ('0.0.0.0', 8181)
2025-06-14T06:07:29    [2025-06-14 06:07:29 +0000] [2057] [ERROR] Retrying in 1 second.
2025-06-14T06:07:30    [2025-06-14 06:07:30 +0000] [2057] [ERROR] Connection in use: ('0.0.0.0', 8181)
2025-06-14T06:07:30    [2025-06-14 06:07:30 +0000] [2057] [ERROR] Retrying in 1 second.
2025-06-14T06:07:31    [2025-06-14 06:07:31 +0000] [2057] [ERROR] Connection in use: ('0.0.0.0', 8181)
2025-06-14T06:07:31    [2025-06-14 06:07:31 +0000] [2057] [ERROR] Retrying in 1 second.
2025-06-14T06:07:32    [2025-06-14 06:07:32 +0000] [2057] [ERROR] Connection in use: ('0.0.0.0', 8181)
2025-06-14T06:07:32    [2025-06-14 06:07:32 +0000] [2057] [ERROR] Retrying in 1 second.
2025-06-14T06:07:33    [2025-06-14 06:07:33 +0000] [2057] [ERROR] Connection in use: ('0.0.0.0', 8181)
2025-06-14T06:07:33    [2025-06-14 06:07:33 +0000] [2057] [ERROR] Retrying in 1 second.
2025-06-14T06:07:34    [2025-06-14 06:07:34 +0000] [2057] [ERROR] Can't connect to ('0.0.0.0', 8181)
2025-06-14T06:07:35    ERROR: Could not open requirements file: [Errno 2] No such file or directory: 'requirements-simple.txt'

[notice] A new release of pip is available: 24.0 -> 25.1.1
[notice] To update, run: pip install --upgrade pip
[2025-06-14 06:07:29 +0000] [2057] [INFO] Starting gunicorn 21.2.0
[2025-06-14 06:07:29 +0000] [2057] [ERROR] Connection in use: ('0.0.0.0', 8181)
[2025-06-14 06:07:29 +0000] [2057] [ERROR] Retrying in 1 second.
[2025-06-14 06:07:30 +0000] [2057] [ERROR] Connection in use: ('0.0.0.0', 8181)
[2025-06-14 06:07:30 +0000] [2057] [ERROR] Retrying in 1 second.
[2025-06-14 06:07:31 +0000] [2057] [ERROR] Connection in use: ('0.0.0.0', 8181)
[2025-06-14 06:07:31 +0000] [2057] [ERROR] Retrying in 1 second.
[2025-06-14 06:07:32 +0000] [2057] [ERROR] Connection in use: ('0.0.0.0', 8181)
[2025-06-14 06:07:32 +0000] [2057] [ERROR] Retrying in 1 second.
[2025-06-14 06:07:33 +0000] [2057] [ERROR] Connection in use: ('0.0.0.0', 8181)
[2025-06-14 06:07:33 +0000] [2057] [ERROR] Retrying in 1 second.
[2025-06-14 06:07:34 +0000] [2057] [ERROR] Can't connect to ('0.0.0.0', 8181)
/bin/bash -c "oryx build /tmp/zipdeploy/extracted -o /home/site/wwwroot --platform python --platform-version 3.11 -p virtualenv_name=antenv --log-file /tmp/build-debug.log  -i /tmp/8ddab0991df8a0c --compress-destination-dir | tee /tmp/oryx-build.log ; exit $PIPESTATUS "
2025-06-14T06:07:35  
2025-06-14T06:07:36  
2025-06-14T06:07:36  Generating summary of Oryx build
2025-06-14T06:07:36  Parsing the build logs
2025-06-14T06:07:36  Found 0 issue(s)
2025-06-14T06:07:36  
2025-06-14T06:07:36  Build Summary :
2025-06-14T06:07:37  ===============
2025-06-14T06:07:37  Errors (0)
2025-06-14T06:07:37  Warnings (0)
2025-06-14T06:07:37  
2025-06-14T06:07:37  Deployment Failed. deployer = OneDeploy deploymentPath = OneDeploy
